2018-05-04 09:59:09 atm - INFO - account:1234  action:cat_money
2018-05-04 09:59:14 atm - INFO - account:1234  action:withdraw
2018-05-04 09:59:21 atm - INFO - account:1234  action:cat_account_log
2018-05-04 09:59:25 atm - INFO - account:1234  action:cat_atm_log
2018-05-04 10:00:05 atm - INFO - account:1234  action:cat_money
2018-05-04 10:00:14 atm - INFO - account:1234  action:cat_account_log
2018-05-04 10:00:20 atm - INFO - account:1234  action:cat_atm_log
2018-05-10 20:42:19 atm - INFO - account:1234  action:cat_money
2018-05-10 20:42:21 atm - INFO - account:1234  action:cat_account_log
2018-05-10 20:42:23 atm - INFO - account:1234  action:cat_atm_log
2018-05-10 20:48:41 atm - INFO - account:1234  action:cat_account_log
2018-05-10 21:19:53 atm - INFO - account:1234  action:transfer_accounts
2018-05-10 21:30:26 atm - INFO - account:1234  action:transfer_accounts
2018-05-10 21:30:37 atm - INFO - account:1234  action:cat_account_log
2018-05-10 21:40:02 atm - INFO - account:1234  action:cat_money
2018-05-10 21:40:10 atm - INFO - account:1234  action:repayment
2018-05-10 21:40:16 atm - INFO - account:1234  action:cat_money
2018-05-10 21:40:35 atm - INFO - account:1234  action:cat_atm_log
2018-05-10 21:40:37 atm - INFO - account:1234  action:cat_account_log
2018-05-11 11:21:19 atm - INFO - account:1234  action:transfer_accounts
2018-05-11 11:22:39 atm - INFO - account:1234  action:cat_account_log
2018-05-11 11:22:49 atm - INFO - account:1234  action:repayment
2018-05-11 11:23:00 atm - INFO - account:1234  action:withdraw
2018-05-11 11:23:11 atm - INFO - account:1234  action:repayment
